Determining if the pthread_create exist failed with the following output:
Change Dir: /home/rovi2/catkin_ws/src/testing_transformation_matrix/cmake-build-debug/CMakeFiles/CMakeTmp

Run Build Command:"/usr/bin/make" "cmTC_287c5/fast"
/usr/bin/make -f CMakeFiles/cmTC_287c5.dir/build.make CMakeFiles/cmTC_287c5.dir/build
make[1]: Entering directory '/home/rovi2/catkin_ws/src/testing_transformation_matrix/cmake-build-debug/CMakeFiles/CMakeTmp'
Building C object CMakeFiles/cmTC_287c5.dir/CheckSymbolExists.c.o
/usr/bin/cc    -o CMakeFiles/cmTC_287c5.dir/CheckSymbolExists.c.o   -c /home/rovi2/catkin_ws/src/testing_transformation_matrix/cmake-build-debug/CMakeFiles/CMakeTmp/CheckSymbolExists.c
Linking C executable cmTC_287c5
/home/rovi2/clion-2017.3/bin/cmake/bin/cmake -E cmake_link_script CMakeFiles/cmTC_287c5.dir/link.txt --verbose=1
/usr/bin/cc      -rdynamic CMakeFiles/cmTC_287c5.dir/CheckSymbolExists.c.o  -o cmTC_287c5 
CMakeFiles/cmTC_287c5.dir/CheckSymbolExists.c.o: In function `main':
CheckSymbolExists.c:(.text+0x16): undefined reference to `pthread_create'
collect2: error: ld returned 1 exit status
CMakeFiles/cmTC_287c5.dir/build.make:97: recipe for target 'cmTC_287c5' failed
make[1]: *** [cmTC_287c5] Error 1
make[1]: Leaving directory '/home/rovi2/catkin_ws/src/testing_transformation_matrix/cmake-build-debug/CMakeFiles/CMakeTmp'
Makefile:126: recipe for target 'cmTC_287c5/fast' failed
make: *** [cmTC_287c5/fast] Error 2

File /home/rovi2/catkin_ws/src/testing_transformation_matrix/cmake-build-debug/CMakeFiles/CMakeTmp/CheckSymbolExists.c:
/* */
#include <pthread.h>

int main(int argc, char** argv)
{
  (void)argv;
#ifndef pthread_create
  return ((int*)(&pthread_create))[argc];
#else
  (void)argc;
  return 0;
#endif
}

Determining if the function pthread_create exists in the pthreads failed with the following output:
Change Dir: /home/rovi2/catkin_ws/src/testing_transformation_matrix/cmake-build-debug/CMakeFiles/CMakeTmp

Run Build Command:"/usr/bin/make" "cmTC_19948/fast"
/usr/bin/make -f CMakeFiles/cmTC_19948.dir/build.make CMakeFiles/cmTC_19948.dir/build
make[1]: Entering directory '/home/rovi2/catkin_ws/src/testing_transformation_matrix/cmake-build-debug/CMakeFiles/CMakeTmp'
Building C object CMakeFiles/cmTC_19948.dir/CheckFunctionExists.c.o
/usr/bin/cc   -DCHECK_FUNCTION_EXISTS=pthread_create   -o CMakeFiles/cmTC_19948.dir/CheckFunctionExists.c.o   -c /home/rovi2/clion-2017.3/bin/cmake/share/cmake-3.9/Modules/CheckFunctionExists.c
Linking C executable cmTC_19948
/home/rovi2/clion-2017.3/bin/cmake/bin/cmake -E cmake_link_script CMakeFiles/cmTC_19948.dir/link.txt --verbose=1
/usr/bin/cc  -DCHECK_FUNCTION_EXISTS=pthread_create    -rdynamic CMakeFiles/cmTC_19948.dir/CheckFunctionExists.c.o  -o cmTC_19948 -lpthreads 
/usr/bin/ld: cannot find -lpthreads
collect2: error: ld returned 1 exit status
CMakeFiles/cmTC_19948.dir/build.make:97: recipe for target 'cmTC_19948' failed
make[1]: *** [cmTC_19948] Error 1
make[1]: Leaving directory '/home/rovi2/catkin_ws/src/testing_transformation_matrix/cmake-build-debug/CMakeFiles/CMakeTmp'
Makefile:126: recipe for target 'cmTC_19948/fast' failed
make: *** [cmTC_19948/fast] Error 2


