Determining if the pthread_create exist failed with the following output:
Change Dir: /home/jepod13/catkin_ws/src/RobWorkStudioPlugin/cmake-build-debug/CMakeFiles/CMakeTmp

Run Build Command:"/usr/bin/make" "cmTC_656c5/fast"
/usr/bin/make -f CMakeFiles/cmTC_656c5.dir/build.make CMakeFiles/cmTC_656c5.dir/build
make[1]: Entering directory '/home/jepod13/catkin_ws/src/RobWorkStudioPlugin/cmake-build-debug/CMakeFiles/CMakeTmp'
Building C object CMakeFiles/cmTC_656c5.dir/CheckSymbolExists.c.o
/usr/bin/cc    -o CMakeFiles/cmTC_656c5.dir/CheckSymbolExists.c.o   -c /home/jepod13/catkin_ws/src/RobWorkStudioPlugin/cmake-build-debug/CMakeFiles/CMakeTmp/CheckSymbolExists.c
Linking C executable cmTC_656c5
/home/jepod13/clion-2017.3.1/bin/cmake/bin/cmake -E cmake_link_script CMakeFiles/cmTC_656c5.dir/link.txt --verbose=1
/usr/bin/cc      -rdynamic CMakeFiles/cmTC_656c5.dir/CheckSymbolExists.c.o  -o cmTC_656c5 
CMakeFiles/cmTC_656c5.dir/CheckSymbolExists.c.o: In function `main':
CheckSymbolExists.c:(.text+0x16): undefined reference to `pthread_create'
collect2: error: ld returned 1 exit status
CMakeFiles/cmTC_656c5.dir/build.make:97: recipe for target 'cmTC_656c5' failed
make[1]: *** [cmTC_656c5] Error 1
make[1]: Leaving directory '/home/jepod13/catkin_ws/src/RobWorkStudioPlugin/cmake-build-debug/CMakeFiles/CMakeTmp'
Makefile:126: recipe for target 'cmTC_656c5/fast' failed
make: *** [cmTC_656c5/fast] Error 2

File /home/jepod13/catkin_ws/src/RobWorkStudioPlugin/cmake-build-debug/CMakeFiles/CMakeTmp/CheckSymbolExists.c:
/* */
#include <pthread.h>

int main(int argc, char** argv)
{
  (void)argv;
#ifndef pthread_create
  return ((int*)(&pthread_create))[argc];
#else
  (void)argc;
  return 0;
#endif
}

Determining if the function pthread_create exists in the pthreads failed with the following output:
Change Dir: /home/jepod13/catkin_ws/src/RobWorkStudioPlugin/cmake-build-debug/CMakeFiles/CMakeTmp

Run Build Command:"/usr/bin/make" "cmTC_12ed9/fast"
/usr/bin/make -f CMakeFiles/cmTC_12ed9.dir/build.make CMakeFiles/cmTC_12ed9.dir/build
make[1]: Entering directory '/home/jepod13/catkin_ws/src/RobWorkStudioPlugin/cmake-build-debug/CMakeFiles/CMakeTmp'
Building C object CMakeFiles/cmTC_12ed9.dir/CheckFunctionExists.c.o
/usr/bin/cc   -DCHECK_FUNCTION_EXISTS=pthread_create   -o CMakeFiles/cmTC_12ed9.dir/CheckFunctionExists.c.o   -c /home/jepod13/clion-2017.3.1/bin/cmake/share/cmake-3.9/Modules/CheckFunctionExists.c
Linking C executable cmTC_12ed9
/home/jepod13/clion-2017.3.1/bin/cmake/bin/cmake -E cmake_link_script CMakeFiles/cmTC_12ed9.dir/link.txt --verbose=1
/usr/bin/cc  -DCHECK_FUNCTION_EXISTS=pthread_create    -rdynamic CMakeFiles/cmTC_12ed9.dir/CheckFunctionExists.c.o  -o cmTC_12ed9 -lpthreads 
/usr/bin/ld: cannot find -lpthreads
collect2: error: ld returned 1 exit status
CMakeFiles/cmTC_12ed9.dir/build.make:97: recipe for target 'cmTC_12ed9' failed
make[1]: *** [cmTC_12ed9] Error 1
make[1]: Leaving directory '/home/jepod13/catkin_ws/src/RobWorkStudioPlugin/cmake-build-debug/CMakeFiles/CMakeTmp'
Makefile:126: recipe for target 'cmTC_12ed9/fast' failed
make: *** [cmTC_12ed9/fast] Error 2


