Determining if the pthread_create exist failed with the following output:
Change Dir: /home/jepod13/catkin_ws/src/testing_transformation_matrix/cmake-build-debug/CMakeFiles/CMakeTmp

Run Build Command:"/usr/bin/make" "cmTC_ce428/fast"
/usr/bin/make -f CMakeFiles/cmTC_ce428.dir/build.make CMakeFiles/cmTC_ce428.dir/build
make[1]: Entering directory '/home/jepod13/catkin_ws/src/testing_transformation_matrix/cmake-build-debug/CMakeFiles/CMakeTmp'
Building C object CMakeFiles/cmTC_ce428.dir/CheckSymbolExists.c.o
/usr/bin/cc    -o CMakeFiles/cmTC_ce428.dir/CheckSymbolExists.c.o   -c /home/jepod13/catkin_ws/src/testing_transformation_matrix/cmake-build-debug/CMakeFiles/CMakeTmp/CheckSymbolExists.c
Linking C executable cmTC_ce428
/home/jepod13/clion-2017.3.1/bin/cmake/bin/cmake -E cmake_link_script CMakeFiles/cmTC_ce428.dir/link.txt --verbose=1
/usr/bin/cc      -rdynamic CMakeFiles/cmTC_ce428.dir/CheckSymbolExists.c.o  -o cmTC_ce428 
CMakeFiles/cmTC_ce428.dir/CheckSymbolExists.c.o: In function `main':
CheckSymbolExists.c:(.text+0x16): undefined reference to `pthread_create'
collect2: error: ld returned 1 exit status
CMakeFiles/cmTC_ce428.dir/build.make:97: recipe for target 'cmTC_ce428' failed
make[1]: *** [cmTC_ce428] Error 1
make[1]: Leaving directory '/home/jepod13/catkin_ws/src/testing_transformation_matrix/cmake-build-debug/CMakeFiles/CMakeTmp'
Makefile:126: recipe for target 'cmTC_ce428/fast' failed
make: *** [cmTC_ce428/fast] Error 2

File /home/jepod13/catkin_ws/src/testing_transformation_matrix/cmake-build-debug/CMakeFiles/CMakeTmp/CheckSymbolExists.c:
/* */
#include <pthread.h>

int main(int argc, char** argv)
{
  (void)argv;
#ifndef pthread_create
  return ((int*)(&pthread_create))[argc];
#else
  (void)argc;
  return 0;
#endif
}

Determining if the function pthread_create exists in the pthreads failed with the following output:
Change Dir: /home/jepod13/catkin_ws/src/testing_transformation_matrix/cmake-build-debug/CMakeFiles/CMakeTmp

Run Build Command:"/usr/bin/make" "cmTC_b2c18/fast"
/usr/bin/make -f CMakeFiles/cmTC_b2c18.dir/build.make CMakeFiles/cmTC_b2c18.dir/build
make[1]: Entering directory '/home/jepod13/catkin_ws/src/testing_transformation_matrix/cmake-build-debug/CMakeFiles/CMakeTmp'
Building C object CMakeFiles/cmTC_b2c18.dir/CheckFunctionExists.c.o
/usr/bin/cc   -DCHECK_FUNCTION_EXISTS=pthread_create   -o CMakeFiles/cmTC_b2c18.dir/CheckFunctionExists.c.o   -c /home/jepod13/clion-2017.3.1/bin/cmake/share/cmake-3.9/Modules/CheckFunctionExists.c
Linking C executable cmTC_b2c18
/home/jepod13/clion-2017.3.1/bin/cmake/bin/cmake -E cmake_link_script CMakeFiles/cmTC_b2c18.dir/link.txt --verbose=1
/usr/bin/cc  -DCHECK_FUNCTION_EXISTS=pthread_create    -rdynamic CMakeFiles/cmTC_b2c18.dir/CheckFunctionExists.c.o  -o cmTC_b2c18 -lpthreads 
/usr/bin/ld: cannot find -lpthreads
collect2: error: ld returned 1 exit status
CMakeFiles/cmTC_b2c18.dir/build.make:97: recipe for target 'cmTC_b2c18' failed
make[1]: *** [cmTC_b2c18] Error 1
make[1]: Leaving directory '/home/jepod13/catkin_ws/src/testing_transformation_matrix/cmake-build-debug/CMakeFiles/CMakeTmp'
Makefile:126: recipe for target 'cmTC_b2c18/fast' failed
make: *** [cmTC_b2c18/fast] Error 2


