Determining if the pthread_create exist failed with the following output:
Change Dir: /home/rovi2/catkin_ws/src/aruco_3D/cmake-build-debug/CMakeFiles/CMakeTmp

Run Build Command:"/usr/bin/make" "cmTC_46830/fast"
/usr/bin/make -f CMakeFiles/cmTC_46830.dir/build.make CMakeFiles/cmTC_46830.dir/build
make[1]: Entering directory '/home/rovi2/catkin_ws/src/aruco_3D/cmake-build-debug/CMakeFiles/CMakeTmp'
Building C object CMakeFiles/cmTC_46830.dir/CheckSymbolExists.c.o
/usr/bin/cc    -o CMakeFiles/cmTC_46830.dir/CheckSymbolExists.c.o   -c /home/rovi2/catkin_ws/src/aruco_3D/cmake-build-debug/CMakeFiles/CMakeTmp/CheckSymbolExists.c
Linking C executable cmTC_46830
/home/rovi2/clion-2017.3/bin/cmake/bin/cmake -E cmake_link_script CMakeFiles/cmTC_46830.dir/link.txt --verbose=1
/usr/bin/cc      -rdynamic CMakeFiles/cmTC_46830.dir/CheckSymbolExists.c.o  -o cmTC_46830 
CMakeFiles/cmTC_46830.dir/CheckSymbolExists.c.o: In function `main':
CheckSymbolExists.c:(.text+0x16): undefined reference to `pthread_create'
collect2: error: ld returned 1 exit status
CMakeFiles/cmTC_46830.dir/build.make:97: recipe for target 'cmTC_46830' failed
make[1]: *** [cmTC_46830] Error 1
make[1]: Leaving directory '/home/rovi2/catkin_ws/src/aruco_3D/cmake-build-debug/CMakeFiles/CMakeTmp'
Makefile:126: recipe for target 'cmTC_46830/fast' failed
make: *** [cmTC_46830/fast] Error 2

File /home/rovi2/catkin_ws/src/aruco_3D/cmake-build-debug/CMakeFiles/CMakeTmp/CheckSymbolExists.c:
/* */
#include <pthread.h>

int main(int argc, char** argv)
{
  (void)argv;
#ifndef pthread_create
  return ((int*)(&pthread_create))[argc];
#else
  (void)argc;
  return 0;
#endif
}

Determining if the function pthread_create exists in the pthreads failed with the following output:
Change Dir: /home/rovi2/catkin_ws/src/aruco_3D/cmake-build-debug/CMakeFiles/CMakeTmp

Run Build Command:"/usr/bin/make" "cmTC_65a8e/fast"
/usr/bin/make -f CMakeFiles/cmTC_65a8e.dir/build.make CMakeFiles/cmTC_65a8e.dir/build
make[1]: Entering directory '/home/rovi2/catkin_ws/src/aruco_3D/cmake-build-debug/CMakeFiles/CMakeTmp'
Building C object CMakeFiles/cmTC_65a8e.dir/CheckFunctionExists.c.o
/usr/bin/cc   -DCHECK_FUNCTION_EXISTS=pthread_create   -o CMakeFiles/cmTC_65a8e.dir/CheckFunctionExists.c.o   -c /home/rovi2/clion-2017.3/bin/cmake/share/cmake-3.9/Modules/CheckFunctionExists.c
Linking C executable cmTC_65a8e
/home/rovi2/clion-2017.3/bin/cmake/bin/cmake -E cmake_link_script CMakeFiles/cmTC_65a8e.dir/link.txt --verbose=1
/usr/bin/cc  -DCHECK_FUNCTION_EXISTS=pthread_create    -rdynamic CMakeFiles/cmTC_65a8e.dir/CheckFunctionExists.c.o  -o cmTC_65a8e -lpthreads 
/usr/bin/ld: cannot find -lpthreads
collect2: error: ld returned 1 exit status
CMakeFiles/cmTC_65a8e.dir/build.make:97: recipe for target 'cmTC_65a8e' failed
make[1]: *** [cmTC_65a8e] Error 1
make[1]: Leaving directory '/home/rovi2/catkin_ws/src/aruco_3D/cmake-build-debug/CMakeFiles/CMakeTmp'
Makefile:126: recipe for target 'cmTC_65a8e/fast' failed
make: *** [cmTC_65a8e/fast] Error 2


